<component name="ProjectRunConfigurationManager">
  <configuration default="false" name="JUnit run from UTA view" type="JUnit" factoryName="JUnit">
    <module name="lizardwizards.test" />
    <option name="PACKAGE_NAME" value="com.lizardwizards.lizardwizards.client.sprites" />
    <option name="MAIN_CLASS_NAME" value="com.lizardwizards.lizardwizards.client.sprites.RectangleSpriteTest" />
    <option name="TEST_OBJECT" value="class" />
    <RunnerSettings jtest.executionsettings.utaEnabled="true" jtest.executionsettings.coverageEnabled="false" jtest.executionsettings.coveragePaneActive="true" RunnerId="Jtest">
      <module name="lizardwizards.test" />
      <option name="PACKAGE_NAME" value="com.lizardwizards.lizardwizards.client.sprites" />
      <option name="MAIN_CLASS_NAME" value="com.lizardwizards.lizardwizards.client.sprites.RectangleSpriteTest" />
      <option name="TEST_OBJECT" value="class" />
    </RunnerSettings>
    <method v="2">
      <option name="MakeNoErrorCheck" enabled="true" />
    </method>
  </configuration>
</component>